0 verbose cli /usr/local/bin/node /usr/local/bin/npm
1 info using npm@9.6.7
2 info using node@v18.15.0
3 timing npm:load:whichnode Completed in 0ms
4 timing config:load:defaults Completed in 1ms
5 timing config:load:file:/usr/local/lib/node_modules/npm/npmrc Completed in 1ms
6 timing config:load:builtin Completed in 1ms
7 timing config:load:cli Completed in 1ms
8 timing config:load:env Completed in 0ms
9 timing config:load:file:/Users/deepanagrawal/Workspace/Headlines/.npmrc Completed in 1ms
10 timing config:load:project Completed in 2ms
11 timing config:load:file:/Users/deepanagrawal/.npmrc Completed in 0ms
12 timing config:load:user Completed in 0ms
13 timing config:load:file:/usr/local/etc/npmrc Completed in 0ms
14 timing config:load:global Completed in 0ms
15 timing config:load:setEnvs Completed in 1ms
16 timing config:load Completed in 6ms
17 timing npm:load:configload Completed in 6ms
18 timing npm:load:mkdirpcache Completed in 0ms
19 timing npm:load:mkdirplogs Completed in 0ms
20 verbose title npm start
21 verbose argv "start" "--cache" "-clear"
22 timing npm:load:setTitle Completed in 6ms
23 timing config:load:flatten Completed in 2ms
24 timing npm:load:display Completed in 2ms
25 verbose logfile logs-max:10 dir:/Users/deepanagrawal/Workspace/Headlines/-clear/_logs/2024-08-26T10_07_46_851Z-
26 verbose logfile /Users/deepanagrawal/Workspace/Headlines/-clear/_logs/2024-08-26T10_07_46_851Z-debug-0.log
27 timing npm:load:logFile Completed in 5ms
28 timing npm:load:timers Completed in 0ms
29 timing npm:load:configScope Completed in 0ms
30 timing npm:load Completed in 19ms
31 silly logfile done cleaning log files
32 http fetch GET 200 https://registry.npmjs.org/npm 171ms (cache miss)
33 http fetch GET 200 https://registry.npmjs.org/npm 183ms (cache miss)
34 timing command:run-script Completed in 2372984ms
35 timing command:start Completed in 2372990ms
36 notice
36 notice New [31mmajor[39m version of npm available! [31m9.6.7[39m -> [32m10.8.2[39m
36 notice Changelog: [36mhttps://github.com/npm/cli/releases/tag/v10.8.2[39m
36 notice Run [32mnpm install -g npm@10.8.2[39m to update!
36 notice
37 verbose exit 0
38 timing npm Completed in 2373019ms
39 info ok
